<?xml version="1.0" encoding="UTF-8"?>
<!-- Generated by org.testng.reporters.JUnitReportReporter -->
<testsuite hostname="BA-000289017" failures="0" tests="5" name="com.telus.testcases.RegisterUserInfo" time="28.459" errors="0" timestamp="2022-10-11T12:01:22 IST" skipped="0">
  <testcase classname="com.telus.testcases.RegisterUserInfo" name="launchApplicationUrl" time="18.373"/>
  <system-out>
    <![CDATA[Application is launched successfully]]>
  </system-out>
  <testcase classname="com.telus.testcases.RegisterUserInfo" name="navigationRegPage" time="3.251"/>
  <system-out/>
  <testcase classname="com.telus.testcases.RegisterUserInfo" name="registerUser" time="6.565"/>
  <system-out>
    <![CDATA[FirstName is displayed successfully as : Krishna
FirstName is displayed successfully
Firstname is enabled successfully
LastName is displayed successfully as : Kodipalli
LastName is displayed successfully
LastName is successfully enabled
Male radio button is selected successfully
Male radio button is displayed successfully
Male radio button is selected successfully
StreetName is displayed successfully as : DwarakaNagar
StreetName is displayed successfully
Streetname is enabled successfully
Appartment name is displayed successfully as : Brundavanam
Appartment name is displayed successfully
The appartmentname is enabled successfully
CityName is displayed successfully as :Singarayakonda
CityName is displayed successfully
The city name is enabled successfully
StateName is displayed successfully as : AndhraPradesh
StateName is displayed successfully
The Statename is enabled successfully
Postal code is displayed successfully as : 523101
Postal code is displayed successfully
The Postal code is enabled successfully
CountryName is selected successfully as :India
CountryName is enabled successfully
CountryName is displayed successfully
Email Id is displayed successfully as : krish9999@gmail.com
Email Id is displayed successfully
The Email Id is enabled successfully
Date of demo is displayed successfully as :09-08-2022
Date of demo is displayed successfully
The Date of demo is enabled successfully
The Hour dropdown is seleced successfully as 05
The Hour dropdown is enabled successfully
The Hour dropdown is displayed successfully
The Minute dropdown is selected successfully as : 40
The Minute dropdown is enabled successfully
The Minute dropdown is displayed successfully
The Mobile number is displayed successfully as :9234567322
The Mobile number is displayed successfully
The Minute dropdown is enabled successfully
Selenium course is not selected successfully
Selenium course is enabled successfully
UFT course is not selected successfully
UFT course is enabled successfully
TestNG course is not selected successfully
TestNG course is enabled successfully
The Query is displayed as : This course is available for ofline learning 
The Query is displayed successfully
The Query is enabled successfully
The two digits verification code is displayed as : 99
The two digits verification code is displayed successfully
The two digits verification code is enabled successfully
The Submit button is not selected successfully
The registration details are validated successfully]]>
  </system-out>
  <testcase classname="com.telus.testcases.RegisterUserInfo" name="successfullConformMsg" time="0.111"/>
  <system-out>
    <![CDATA[The validation output is displayed successfully
The Registration message of the page is displayed successfully
The Transaction ID is :NXTGEN1937465
Actual and expected validation codes are same
The successfull message is validated successfully
Successfull validation message is done successfully]]>
  </system-out>
  <testcase classname="com.telus.testcases.RegisterUserInfo" name="closeApplication" time="0.159"/>
  <system-out>
    <![CDATA[Application is closed successfully]]>
  </system-out>
</testsuite> <!-- com.telus.testcases.RegisterUserInfo -->
